CRITICAL - 2025-07-10 10:18:18 --> ParseError: syntax error, unexpected token "->", expecting ")"
[Method: GET, Route: employees/create]
in APPPATH\Controllers\EmployeeController.php on line 16.
 1 SYSTEMPATH\Autoloader\Autoloader.php(295): CodeIgniter\Autoloader\Autoloader->includeFile('C:\\xampp\\htdocs\\codeigniter4\\app\\Controllers\\EmployeeController.php')
 2 SYSTEMPATH\Autoloader\Autoloader.php(271): CodeIgniter\Autoloader\Autoloader->loadInNamespace('App\\Controllers\\EmployeeController')
 3 [internal function]: CodeIgniter\Autoloader\Autoloader->loadClass('App\\Controllers\\EmployeeController')
 4 SYSTEMPATH\CodeIgniter.php(885): class_exists('\\App\\Controllers\\EmployeeController', true)
 5 SYSTEMPATH\CodeIgniter.php(494): CodeIgniter\CodeIgniter->startController()
 6 SYSTEMPATH\CodeIgniter.php(354): CodeIgniter\CodeIgniter->handleRequest(null, Object(Config\Cache), false)
 7 SYSTEMPATH\Boot.php(334): CodeIgniter\CodeIgniter->run()
 8 SYSTEMPATH\Boot.php(67): CodeIgniter\Boot::runCodeIgniter(Object(CodeIgniter\CodeIgniter))
 9 FCPATH\index.php(59): CodeIgniter\Boot::bootWeb(Object(Config\Paths))
10 SYSTEMPATH\rewrite.php(44): require_once('C:\\xampp\\htdocs\\codeigniter4\\public\\index.php')
CRITICAL - 2025-07-10 10:26:04 --> ParseError: syntax error, unexpected token "->", expecting ")"
[Method: GET, Route: employees/test]
in APPPATH\Controllers\EmployeeController.php on line 17.
 1 SYSTEMPATH\Autoloader\Autoloader.php(295): CodeIgniter\Autoloader\Autoloader->includeFile('C:\\xampp\\htdocs\\codeigniter4\\app\\Controllers\\EmployeeController.php')
 2 SYSTEMPATH\Autoloader\Autoloader.php(271): CodeIgniter\Autoloader\Autoloader->loadInNamespace('App\\Controllers\\EmployeeController')
 3 [internal function]: CodeIgniter\Autoloader\Autoloader->loadClass('App\\Controllers\\EmployeeController')
 4 SYSTEMPATH\CodeIgniter.php(885): class_exists('\\App\\Controllers\\EmployeeController', true)
 5 SYSTEMPATH\CodeIgniter.php(494): CodeIgniter\CodeIgniter->startController()
 6 SYSTEMPATH\CodeIgniter.php(354): CodeIgniter\CodeIgniter->handleRequest(null, Object(Config\Cache), false)
 7 SYSTEMPATH\Boot.php(334): CodeIgniter\CodeIgniter->run()
 8 SYSTEMPATH\Boot.php(67): CodeIgniter\Boot::runCodeIgniter(Object(CodeIgniter\CodeIgniter))
 9 FCPATH\index.php(59): CodeIgniter\Boot::bootWeb(Object(Config\Paths))
10 SYSTEMPATH\rewrite.php(44): require_once('C:\\xampp\\htdocs\\codeigniter4\\public\\index.php')
CRITICAL - 2025-07-10 10:26:21 --> ParseError: syntax error, unexpected token "->", expecting ")"
[Method: GET, Route: employees/test]
in APPPATH\Controllers\EmployeeController.php on line 17.
 1 SYSTEMPATH\Autoloader\Autoloader.php(295): CodeIgniter\Autoloader\Autoloader->includeFile('C:\\xampp\\htdocs\\codeigniter4\\app\\Controllers\\EmployeeController.php')
 2 SYSTEMPATH\Autoloader\Autoloader.php(271): CodeIgniter\Autoloader\Autoloader->loadInNamespace('App\\Controllers\\EmployeeController')
 3 [internal function]: CodeIgniter\Autoloader\Autoloader->loadClass('App\\Controllers\\EmployeeController')
 4 SYSTEMPATH\CodeIgniter.php(885): class_exists('\\App\\Controllers\\EmployeeController', true)
 5 SYSTEMPATH\CodeIgniter.php(494): CodeIgniter\CodeIgniter->startController()
 6 SYSTEMPATH\CodeIgniter.php(354): CodeIgniter\CodeIgniter->handleRequest(null, Object(Config\Cache), false)
 7 SYSTEMPATH\Boot.php(334): CodeIgniter\CodeIgniter->run()
 8 SYSTEMPATH\Boot.php(67): CodeIgniter\Boot::runCodeIgniter(Object(CodeIgniter\CodeIgniter))
 9 FCPATH\index.php(59): CodeIgniter\Boot::bootWeb(Object(Config\Paths))
10 SYSTEMPATH\rewrite.php(44): require_once('C:\\xampp\\htdocs\\codeigniter4\\public\\index.php')
CRITICAL - 2025-07-10 10:26:37 --> ParseError: syntax error, unexpected token "->", expecting ")"
[Method: GET, Route: employees/test]
in APPPATH\Controllers\EmployeeController.php on line 17.
 1 SYSTEMPATH\Autoloader\Autoloader.php(295): CodeIgniter\Autoloader\Autoloader->includeFile('C:\\xampp\\htdocs\\codeigniter4\\app\\Controllers\\EmployeeController.php')
 2 SYSTEMPATH\Autoloader\Autoloader.php(271): CodeIgniter\Autoloader\Autoloader->loadInNamespace('App\\Controllers\\EmployeeController')
 3 [internal function]: CodeIgniter\Autoloader\Autoloader->loadClass('App\\Controllers\\EmployeeController')
 4 SYSTEMPATH\CodeIgniter.php(885): class_exists('\\App\\Controllers\\EmployeeController', true)
 5 SYSTEMPATH\CodeIgniter.php(494): CodeIgniter\CodeIgniter->startController()
 6 SYSTEMPATH\CodeIgniter.php(354): CodeIgniter\CodeIgniter->handleRequest(null, Object(Config\Cache), false)
 7 SYSTEMPATH\Boot.php(334): CodeIgniter\CodeIgniter->run()
 8 SYSTEMPATH\Boot.php(67): CodeIgniter\Boot::runCodeIgniter(Object(CodeIgniter\CodeIgniter))
 9 FCPATH\index.php(59): CodeIgniter\Boot::bootWeb(Object(Config\Paths))
10 SYSTEMPATH\rewrite.php(44): require_once('C:\\xampp\\htdocs\\codeigniter4\\public\\index.php')
CRITICAL - 2025-07-10 10:26:53 --> ParseError: syntax error, unexpected token "->", expecting ")"
[Method: GET, Route: employees]
in APPPATH\Controllers\EmployeeController.php on line 17.
 1 SYSTEMPATH\Autoloader\Autoloader.php(295): CodeIgniter\Autoloader\Autoloader->includeFile('C:\\xampp\\htdocs\\codeigniter4\\app\\Controllers\\EmployeeController.php')
 2 SYSTEMPATH\Autoloader\Autoloader.php(271): CodeIgniter\Autoloader\Autoloader->loadInNamespace('App\\Controllers\\EmployeeController')
 3 [internal function]: CodeIgniter\Autoloader\Autoloader->loadClass('App\\Controllers\\EmployeeController')
 4 SYSTEMPATH\CodeIgniter.php(885): class_exists('\\App\\Controllers\\EmployeeController', true)
 5 SYSTEMPATH\CodeIgniter.php(494): CodeIgniter\CodeIgniter->startController()
 6 SYSTEMPATH\CodeIgniter.php(354): CodeIgniter\CodeIgniter->handleRequest(null, Object(Config\Cache), false)
 7 SYSTEMPATH\Boot.php(334): CodeIgniter\CodeIgniter->run()
 8 SYSTEMPATH\Boot.php(67): CodeIgniter\Boot::runCodeIgniter(Object(CodeIgniter\CodeIgniter))
 9 FCPATH\index.php(59): CodeIgniter\Boot::bootWeb(Object(Config\Paths))
10 SYSTEMPATH\rewrite.php(44): require_once('C:\\xampp\\htdocs\\codeigniter4\\public\\index.php')
CRITICAL - 2025-07-10 11:08:44 --> ErrorException: Undefined variable $routest
[Method: CLI, Route: serve]
in APPPATH\Config\Routes.php on line 10.
 1 APPPATH\Config\Routes.php(10): CodeIgniter\Debug\Exceptions->errorHandler(2, 'Undefined variable $routest', 'C:\\xampp\\htdocs\\codeigniter4\\app\\Config\\Routes.php', 10)
 2 SYSTEMPATH\Router\RouteCollection.php(339): require('C:\\xampp\\htdocs\\codeigniter4\\app\\Config\\Routes.php')
 3 SYSTEMPATH\CLI\Console.php(41): CodeIgniter\Router\RouteCollection->loadRoutes()
 4 SYSTEMPATH\Boot.php(360): CodeIgniter\CLI\Console->run()
 5 SYSTEMPATH\Boot.php(104): CodeIgniter\Boot::runCommand(Object(CodeIgniter\CLI\Console))
 6 ROOTPATH\spark(87): CodeIgniter\Boot::bootSpark(Object(Config\Paths))
CRITICAL - 2025-07-10 11:09:02 --> ErrorException: Undefined variable $route
[Method: CLI, Route: serve]
in APPPATH\Config\Routes.php on line 10.
 1 APPPATH\Config\Routes.php(10): CodeIgniter\Debug\Exceptions->errorHandler(2, 'Undefined variable $route', 'C:\\xampp\\htdocs\\codeigniter4\\app\\Config\\Routes.php', 10)
 2 SYSTEMPATH\Router\RouteCollection.php(339): require('C:\\xampp\\htdocs\\codeigniter4\\app\\Config\\Routes.php')
 3 SYSTEMPATH\CLI\Console.php(41): CodeIgniter\Router\RouteCollection->loadRoutes()
 4 SYSTEMPATH\Boot.php(360): CodeIgniter\CLI\Console->run()
 5 SYSTEMPATH\Boot.php(104): CodeIgniter\Boot::runCommand(Object(CodeIgniter\CLI\Console))
 6 ROOTPATH\spark(87): CodeIgniter\Boot::bootSpark(Object(Config\Paths))
CRITICAL - 2025-07-10 11:46:49 --> CodeIgniter\Database\Exceptions\DataException: There is no data to insert.
[Method: POST, Route: employees]
in SYSTEMPATH\BaseModel.php on line 1834.
 1 SYSTEMPATH\BaseModel.php(1834): CodeIgniter\Database\Exceptions\DataException::forEmptyDataset('insert')
 2 SYSTEMPATH\BaseModel.php(809): CodeIgniter\BaseModel->transformDataToArray([], 'insert')
 3 SYSTEMPATH\Model.php(800): CodeIgniter\BaseModel->insert([], true)
 4 APPPATH\Controllers\EmployeeController.php(22): CodeIgniter\Model->insert([])
 5 SYSTEMPATH\CodeIgniter.php(933): App\Controllers\EmployeeController->create()
 6 SYSTEMPATH\CodeIgniter.php(507): CodeIgniter\CodeIgniter->runController(Object(App\Controllers\EmployeeController))
 7 SYSTEMPATH\CodeIgniter.php(354): CodeIgniter\CodeIgniter->handleRequest(null, Object(Config\Cache), false)
 8 SYSTEMPATH\Boot.php(334): CodeIgniter\CodeIgniter->run()
 9 SYSTEMPATH\Boot.php(67): CodeIgniter\Boot::runCodeIgniter(Object(CodeIgniter\CodeIgniter))
10 FCPATH\index.php(59): CodeIgniter\Boot::bootWeb(Object(Config\Paths))
11 SYSTEMPATH\rewrite.php(44): require_once('C:\\xampp\\htdocs\\codeigniter4\\public\\index.php')
CRITICAL - 2025-07-10 11:49:19 --> CodeIgniter\Database\Exceptions\DataException: There is no data to insert.
[Method: POST, Route: employees]
in SYSTEMPATH\BaseModel.php on line 1834.
 1 SYSTEMPATH\BaseModel.php(1834): CodeIgniter\Database\Exceptions\DataException::forEmptyDataset('insert')
 2 SYSTEMPATH\BaseModel.php(809): CodeIgniter\BaseModel->transformDataToArray([], 'insert')
 3 SYSTEMPATH\Model.php(800): CodeIgniter\BaseModel->insert([], true)
 4 APPPATH\Controllers\EmployeeController.php(22): CodeIgniter\Model->insert([])
 5 SYSTEMPATH\CodeIgniter.php(933): App\Controllers\EmployeeController->create()
 6 SYSTEMPATH\CodeIgniter.php(507): CodeIgniter\CodeIgniter->runController(Object(App\Controllers\EmployeeController))
 7 SYSTEMPATH\CodeIgniter.php(354): CodeIgniter\CodeIgniter->handleRequest(null, Object(Config\Cache), false)
 8 SYSTEMPATH\Boot.php(334): CodeIgniter\CodeIgniter->run()
 9 SYSTEMPATH\Boot.php(67): CodeIgniter\Boot::runCodeIgniter(Object(CodeIgniter\CodeIgniter))
10 FCPATH\index.php(59): CodeIgniter\Boot::bootWeb(Object(Config\Paths))
11 SYSTEMPATH\rewrite.php(44): require_once('C:\\xampp\\htdocs\\codeigniter4\\public\\index.php')
CRITICAL - 2025-07-10 11:49:48 --> CodeIgniter\Database\Exceptions\DataException: There is no data to insert.
[Method: POST, Route: employees]
in SYSTEMPATH\BaseModel.php on line 1834.
 1 SYSTEMPATH\BaseModel.php(1834): CodeIgniter\Database\Exceptions\DataException::forEmptyDataset('insert')
 2 SYSTEMPATH\BaseModel.php(809): CodeIgniter\BaseModel->transformDataToArray([], 'insert')
 3 SYSTEMPATH\Model.php(800): CodeIgniter\BaseModel->insert([], true)
 4 APPPATH\Controllers\EmployeeController.php(22): CodeIgniter\Model->insert([])
 5 SYSTEMPATH\CodeIgniter.php(933): App\Controllers\EmployeeController->create()
 6 SYSTEMPATH\CodeIgniter.php(507): CodeIgniter\CodeIgniter->runController(Object(App\Controllers\EmployeeController))
 7 SYSTEMPATH\CodeIgniter.php(354): CodeIgniter\CodeIgniter->handleRequest(null, Object(Config\Cache), false)
 8 SYSTEMPATH\Boot.php(334): CodeIgniter\CodeIgniter->run()
 9 SYSTEMPATH\Boot.php(67): CodeIgniter\Boot::runCodeIgniter(Object(CodeIgniter\CodeIgniter))
10 FCPATH\index.php(59): CodeIgniter\Boot::bootWeb(Object(Config\Paths))
11 SYSTEMPATH\rewrite.php(44): require_once('C:\\xampp\\htdocs\\codeigniter4\\public\\index.php')
CRITICAL - 2025-07-10 11:53:11 --> CodeIgniter\Database\Exceptions\DataException: There is no data to insert.
[Method: POST, Route: employees]
in SYSTEMPATH\BaseModel.php on line 1834.
 1 SYSTEMPATH\BaseModel.php(1834): CodeIgniter\Database\Exceptions\DataException::forEmptyDataset('insert')
 2 SYSTEMPATH\BaseModel.php(809): CodeIgniter\BaseModel->transformDataToArray([], 'insert')
 3 SYSTEMPATH\Model.php(800): CodeIgniter\BaseModel->insert([], true)
 4 APPPATH\Controllers\EmployeeController.php(23): CodeIgniter\Model->insert([])
 5 SYSTEMPATH\CodeIgniter.php(933): App\Controllers\EmployeeController->create()
 6 SYSTEMPATH\CodeIgniter.php(507): CodeIgniter\CodeIgniter->runController(Object(App\Controllers\EmployeeController))
 7 SYSTEMPATH\CodeIgniter.php(354): CodeIgniter\CodeIgniter->handleRequest(null, Object(Config\Cache), false)
 8 SYSTEMPATH\Boot.php(334): CodeIgniter\CodeIgniter->run()
 9 SYSTEMPATH\Boot.php(67): CodeIgniter\Boot::runCodeIgniter(Object(CodeIgniter\CodeIgniter))
10 FCPATH\index.php(59): CodeIgniter\Boot::bootWeb(Object(Config\Paths))
11 SYSTEMPATH\rewrite.php(44): require_once('C:\\xampp\\htdocs\\codeigniter4\\public\\index.php')
ERROR - 2025-07-10 12:20:15 --> Error connecting to the database: mysqli_sql_exception: Access denied for user 'root'@'localhost' (using password: YES) in C:\xampp\htdocs\codeigniter4\system\Database\MySQLi\Connection.php:201
Stack trace:
#0 C:\xampp\htdocs\codeigniter4\system\Database\MySQLi\Connection.php(201): mysqli->real_connect('localhost', 'root', Object(SensitiveParameterValue), '', 3307, '', 0)
#1 C:\xampp\htdocs\codeigniter4\system\Database\BaseConnection.php(421): CodeIgniter\Database\MySQLi\Connection->connect(false)
#2 C:\xampp\htdocs\codeigniter4\system\Database\BaseConnection.php(620): CodeIgniter\Database\BaseConnection->initialize()
#3 C:\xampp\htdocs\codeigniter4\system\Database\BaseBuilder.php(1649): CodeIgniter\Database\BaseConnection->query('SELECT *\nFROM `...', Array, false)
#4 C:\xampp\htdocs\codeigniter4\system\Model.php(286): CodeIgniter\Database\BaseBuilder->get()
#5 C:\xampp\htdocs\codeigniter4\system\BaseModel.php(679): CodeIgniter\Model->doFindAll(0, 0)
#6 C:\xampp\htdocs\codeigniter4\app\Controllers\EmployeeController.php(16): CodeIgniter\BaseModel->findAll()
#7 C:\xampp\htdocs\codeigniter4\system\CodeIgniter.php(933): App\Controllers\EmployeeController->index()
#8 C:\xampp\htdocs\codeigniter4\system\CodeIgniter.php(507): CodeIgniter\CodeIgniter->runController(Object(App\Controllers\EmployeeController))
#9 C:\xampp\htdocs\codeigniter4\system\CodeIgniter.php(354): CodeIgniter\CodeIgniter->handleRequest(NULL, Object(Config\Cache), false)
#10 C:\xampp\htdocs\codeigniter4\system\Boot.php(334): CodeIgniter\CodeIgniter->run()
#11 C:\xampp\htdocs\codeigniter4\system\Boot.php(67): CodeIgniter\Boot::runCodeIgniter(Object(CodeIgniter\CodeIgniter))
#12 C:\xampp\htdocs\codeigniter4\public\index.php(59): CodeIgniter\Boot::bootWeb(Object(Config\Paths))
#13 C:\xampp\htdocs\codeigniter4\system\rewrite.php(44): require_once('C:\\xampp\\htdocs...')
#14 {main}

Next CodeIgniter\Database\Exceptions\DatabaseException: Access denied for user '****'@'localhost' (using password: YES) in C:\xampp\htdocs\codeigniter4\system\Database\MySQLi\Connection.php:246
Stack trace:
#0 C:\xampp\htdocs\codeigniter4\system\Database\BaseConnection.php(421): CodeIgniter\Database\MySQLi\Connection->connect(false)
#1 C:\xampp\htdocs\codeigniter4\system\Database\BaseConnection.php(620): CodeIgniter\Database\BaseConnection->initialize()
#2 C:\xampp\htdocs\codeigniter4\system\Database\BaseBuilder.php(1649): CodeIgniter\Database\BaseConnection->query('SELECT *\nFROM `...', Array, false)
#3 C:\xampp\htdocs\codeigniter4\system\Model.php(286): CodeIgniter\Database\BaseBuilder->get()
#4 C:\xampp\htdocs\codeigniter4\system\BaseModel.php(679): CodeIgniter\Model->doFindAll(0, 0)
#5 C:\xampp\htdocs\codeigniter4\app\Controllers\EmployeeController.php(16): CodeIgniter\BaseModel->findAll()
#6 C:\xampp\htdocs\codeigniter4\system\CodeIgniter.php(933): App\Controllers\EmployeeController->index()
#7 C:\xampp\htdocs\codeigniter4\system\CodeIgniter.php(507): CodeIgniter\CodeIgniter->runController(Object(App\Controllers\EmployeeController))
#8 C:\xampp\htdocs\codeigniter4\system\CodeIgniter.php(354): CodeIgniter\CodeIgniter->handleRequest(NULL, Object(Config\Cache), false)
#9 C:\xampp\htdocs\codeigniter4\system\Boot.php(334): CodeIgniter\CodeIgniter->run()
#10 C:\xampp\htdocs\codeigniter4\system\Boot.php(67): CodeIgniter\Boot::runCodeIgniter(Object(CodeIgniter\CodeIgniter))
#11 C:\xampp\htdocs\codeigniter4\public\index.php(59): CodeIgniter\Boot::bootWeb(Object(Config\Paths))
#12 C:\xampp\htdocs\codeigniter4\system\rewrite.php(44): require_once('C:\\xampp\\htdocs...')
#13 {main}
CRITICAL - 2025-07-10 12:20:15 --> CodeIgniter\Database\Exceptions\DatabaseException: Unable to connect to the database.
Main connection [MySQLi]: Access denied for user '****'@'localhost' (using password: YES)
[Method: GET, Route: employees]
in SYSTEMPATH\Database\BaseConnection.php on line 467.
 1 SYSTEMPATH\Database\BaseConnection.php(620): CodeIgniter\Database\BaseConnection->initialize()
 2 SYSTEMPATH\Database\BaseBuilder.php(1649): CodeIgniter\Database\BaseConnection->query('SELECT *
FROM `intern_bsnl`', [], false)
 3 SYSTEMPATH\Model.php(286): CodeIgniter\Database\BaseBuilder->get()
 4 SYSTEMPATH\BaseModel.php(679): CodeIgniter\Model->doFindAll(0, 0)
 5 APPPATH\Controllers\EmployeeController.php(16): CodeIgniter\BaseModel->findAll()
 6 SYSTEMPATH\CodeIgniter.php(933): App\Controllers\EmployeeController->index()
 7 SYSTEMPATH\CodeIgniter.php(507): CodeIgniter\CodeIgniter->runController(Object(App\Controllers\EmployeeController))
 8 SYSTEMPATH\CodeIgniter.php(354): CodeIgniter\CodeIgniter->handleRequest(null, Object(Config\Cache), false)
 9 SYSTEMPATH\Boot.php(334): CodeIgniter\CodeIgniter->run()
10 SYSTEMPATH\Boot.php(67): CodeIgniter\Boot::runCodeIgniter(Object(CodeIgniter\CodeIgniter))
11 FCPATH\index.php(59): CodeIgniter\Boot::bootWeb(Object(Config\Paths))
12 SYSTEMPATH\rewrite.php(44): require_once('C:\\xampp\\htdocs\\codeigniter4\\public\\index.php')
ERROR - 2025-07-10 12:21:40 --> Error connecting to the database: mysqli_sql_exception: Access denied for user 'root'@'localhost' (using password: YES) in C:\xampp\htdocs\codeigniter4\system\Database\MySQLi\Connection.php:201
Stack trace:
#0 C:\xampp\htdocs\codeigniter4\system\Database\MySQLi\Connection.php(201): mysqli->real_connect('localhost', 'root', Object(SensitiveParameterValue), '', 3307, '', 0)
#1 C:\xampp\htdocs\codeigniter4\system\Database\BaseConnection.php(421): CodeIgniter\Database\MySQLi\Connection->connect(false)
#2 C:\xampp\htdocs\codeigniter4\system\Database\BaseConnection.php(620): CodeIgniter\Database\BaseConnection->initialize()
#3 C:\xampp\htdocs\codeigniter4\system\Database\BaseBuilder.php(1649): CodeIgniter\Database\BaseConnection->query('SELECT *\nFROM `...', Array, false)
#4 C:\xampp\htdocs\codeigniter4\system\Model.php(286): CodeIgniter\Database\BaseBuilder->get()
#5 C:\xampp\htdocs\codeigniter4\system\BaseModel.php(679): CodeIgniter\Model->doFindAll(0, 0)
#6 C:\xampp\htdocs\codeigniter4\app\Controllers\EmployeeController.php(16): CodeIgniter\BaseModel->findAll()
#7 C:\xampp\htdocs\codeigniter4\system\CodeIgniter.php(933): App\Controllers\EmployeeController->index()
#8 C:\xampp\htdocs\codeigniter4\system\CodeIgniter.php(507): CodeIgniter\CodeIgniter->runController(Object(App\Controllers\EmployeeController))
#9 C:\xampp\htdocs\codeigniter4\system\CodeIgniter.php(354): CodeIgniter\CodeIgniter->handleRequest(NULL, Object(Config\Cache), false)
#10 C:\xampp\htdocs\codeigniter4\system\Boot.php(334): CodeIgniter\CodeIgniter->run()
#11 C:\xampp\htdocs\codeigniter4\system\Boot.php(67): CodeIgniter\Boot::runCodeIgniter(Object(CodeIgniter\CodeIgniter))
#12 C:\xampp\htdocs\codeigniter4\public\index.php(59): CodeIgniter\Boot::bootWeb(Object(Config\Paths))
#13 C:\xampp\htdocs\codeigniter4\system\rewrite.php(44): require_once('C:\\xampp\\htdocs...')
#14 {main}

Next CodeIgniter\Database\Exceptions\DatabaseException: Access denied for user '****'@'localhost' (using password: YES) in C:\xampp\htdocs\codeigniter4\system\Database\MySQLi\Connection.php:246
Stack trace:
#0 C:\xampp\htdocs\codeigniter4\system\Database\BaseConnection.php(421): CodeIgniter\Database\MySQLi\Connection->connect(false)
#1 C:\xampp\htdocs\codeigniter4\system\Database\BaseConnection.php(620): CodeIgniter\Database\BaseConnection->initialize()
#2 C:\xampp\htdocs\codeigniter4\system\Database\BaseBuilder.php(1649): CodeIgniter\Database\BaseConnection->query('SELECT *\nFROM `...', Array, false)
#3 C:\xampp\htdocs\codeigniter4\system\Model.php(286): CodeIgniter\Database\BaseBuilder->get()
#4 C:\xampp\htdocs\codeigniter4\system\BaseModel.php(679): CodeIgniter\Model->doFindAll(0, 0)
#5 C:\xampp\htdocs\codeigniter4\app\Controllers\EmployeeController.php(16): CodeIgniter\BaseModel->findAll()
#6 C:\xampp\htdocs\codeigniter4\system\CodeIgniter.php(933): App\Controllers\EmployeeController->index()
#7 C:\xampp\htdocs\codeigniter4\system\CodeIgniter.php(507): CodeIgniter\CodeIgniter->runController(Object(App\Controllers\EmployeeController))
#8 C:\xampp\htdocs\codeigniter4\system\CodeIgniter.php(354): CodeIgniter\CodeIgniter->handleRequest(NULL, Object(Config\Cache), false)
#9 C:\xampp\htdocs\codeigniter4\system\Boot.php(334): CodeIgniter\CodeIgniter->run()
#10 C:\xampp\htdocs\codeigniter4\system\Boot.php(67): CodeIgniter\Boot::runCodeIgniter(Object(CodeIgniter\CodeIgniter))
#11 C:\xampp\htdocs\codeigniter4\public\index.php(59): CodeIgniter\Boot::bootWeb(Object(Config\Paths))
#12 C:\xampp\htdocs\codeigniter4\system\rewrite.php(44): require_once('C:\\xampp\\htdocs...')
#13 {main}
CRITICAL - 2025-07-10 12:21:40 --> CodeIgniter\Database\Exceptions\DatabaseException: Unable to connect to the database.
Main connection [MySQLi]: Access denied for user '****'@'localhost' (using password: YES)
[Method: GET, Route: employees]
in SYSTEMPATH\Database\BaseConnection.php on line 467.
 1 SYSTEMPATH\Database\BaseConnection.php(620): CodeIgniter\Database\BaseConnection->initialize()
 2 SYSTEMPATH\Database\BaseBuilder.php(1649): CodeIgniter\Database\BaseConnection->query('SELECT *
FROM `intern_bsnl`', [], false)
 3 SYSTEMPATH\Model.php(286): CodeIgniter\Database\BaseBuilder->get()
 4 SYSTEMPATH\BaseModel.php(679): CodeIgniter\Model->doFindAll(0, 0)
 5 APPPATH\Controllers\EmployeeController.php(16): CodeIgniter\BaseModel->findAll()
 6 SYSTEMPATH\CodeIgniter.php(933): App\Controllers\EmployeeController->index()
 7 SYSTEMPATH\CodeIgniter.php(507): CodeIgniter\CodeIgniter->runController(Object(App\Controllers\EmployeeController))
 8 SYSTEMPATH\CodeIgniter.php(354): CodeIgniter\CodeIgniter->handleRequest(null, Object(Config\Cache), false)
 9 SYSTEMPATH\Boot.php(334): CodeIgniter\CodeIgniter->run()
10 SYSTEMPATH\Boot.php(67): CodeIgniter\Boot::runCodeIgniter(Object(CodeIgniter\CodeIgniter))
11 FCPATH\index.php(59): CodeIgniter\Boot::bootWeb(Object(Config\Paths))
12 SYSTEMPATH\rewrite.php(44): require_once('C:\\xampp\\htdocs\\codeigniter4\\public\\index.php')
ERROR - 2025-07-10 12:25:31 --> Error connecting to the database: mysqli_sql_exception: Access denied for user 'root'@'localhost' (using password: YES) in C:\xampp\htdocs\codeigniter4\system\Database\MySQLi\Connection.php:201
Stack trace:
#0 C:\xampp\htdocs\codeigniter4\system\Database\MySQLi\Connection.php(201): mysqli->real_connect('localhost', 'root', Object(SensitiveParameterValue), '', 3307, '', 0)
#1 C:\xampp\htdocs\codeigniter4\system\Database\BaseConnection.php(421): CodeIgniter\Database\MySQLi\Connection->connect(false)
#2 C:\xampp\htdocs\codeigniter4\system\Database\BaseConnection.php(620): CodeIgniter\Database\BaseConnection->initialize()
#3 C:\xampp\htdocs\codeigniter4\app\Controllers\EmployeeController.php(18): CodeIgniter\Database\BaseConnection->query('SELECT 1')
#4 C:\xampp\htdocs\codeigniter4\system\CodeIgniter.php(933): App\Controllers\EmployeeController->index()
#5 C:\xampp\htdocs\codeigniter4\system\CodeIgniter.php(507): CodeIgniter\CodeIgniter->runController(Object(App\Controllers\EmployeeController))
#6 C:\xampp\htdocs\codeigniter4\system\CodeIgniter.php(354): CodeIgniter\CodeIgniter->handleRequest(NULL, Object(Config\Cache), false)
#7 C:\xampp\htdocs\codeigniter4\system\Boot.php(334): CodeIgniter\CodeIgniter->run()
#8 C:\xampp\htdocs\codeigniter4\system\Boot.php(67): CodeIgniter\Boot::runCodeIgniter(Object(CodeIgniter\CodeIgniter))
#9 C:\xampp\htdocs\codeigniter4\public\index.php(59): CodeIgniter\Boot::bootWeb(Object(Config\Paths))
#10 C:\xampp\htdocs\codeigniter4\system\rewrite.php(44): require_once('C:\\xampp\\htdocs...')
#11 {main}

Next CodeIgniter\Database\Exceptions\DatabaseException: Access denied for user '****'@'localhost' (using password: YES) in C:\xampp\htdocs\codeigniter4\system\Database\MySQLi\Connection.php:246
Stack trace:
#0 C:\xampp\htdocs\codeigniter4\system\Database\BaseConnection.php(421): CodeIgniter\Database\MySQLi\Connection->connect(false)
#1 C:\xampp\htdocs\codeigniter4\system\Database\BaseConnection.php(620): CodeIgniter\Database\BaseConnection->initialize()
#2 C:\xampp\htdocs\codeigniter4\app\Controllers\EmployeeController.php(18): CodeIgniter\Database\BaseConnection->query('SELECT 1')
#3 C:\xampp\htdocs\codeigniter4\system\CodeIgniter.php(933): App\Controllers\EmployeeController->index()
#4 C:\xampp\htdocs\codeigniter4\system\CodeIgniter.php(507): CodeIgniter\CodeIgniter->runController(Object(App\Controllers\EmployeeController))
#5 C:\xampp\htdocs\codeigniter4\system\CodeIgniter.php(354): CodeIgniter\CodeIgniter->handleRequest(NULL, Object(Config\Cache), false)
#6 C:\xampp\htdocs\codeigniter4\system\Boot.php(334): CodeIgniter\CodeIgniter->run()
#7 C:\xampp\htdocs\codeigniter4\system\Boot.php(67): CodeIgniter\Boot::runCodeIgniter(Object(CodeIgniter\CodeIgniter))
#8 C:\xampp\htdocs\codeigniter4\public\index.php(59): CodeIgniter\Boot::bootWeb(Object(Config\Paths))
#9 C:\xampp\htdocs\codeigniter4\system\rewrite.php(44): require_once('C:\\xampp\\htdocs...')
#10 {main}
ERROR - 2025-07-10 12:27:35 --> Error connecting to the database: mysqli_sql_exception: Access denied for user 'root'@'localhost' (using password: YES) in C:\xampp\htdocs\codeigniter4\system\Database\MySQLi\Connection.php:201
Stack trace:
#0 C:\xampp\htdocs\codeigniter4\system\Database\MySQLi\Connection.php(201): mysqli->real_connect('localhost', 'root', Object(SensitiveParameterValue), '', 3307, '', 0)
#1 C:\xampp\htdocs\codeigniter4\system\Database\BaseConnection.php(421): CodeIgniter\Database\MySQLi\Connection->connect(false)
#2 C:\xampp\htdocs\codeigniter4\system\Database\BaseConnection.php(620): CodeIgniter\Database\BaseConnection->initialize()
#3 C:\xampp\htdocs\codeigniter4\app\Controllers\EmployeeController.php(18): CodeIgniter\Database\BaseConnection->query('SELECT 1')
#4 C:\xampp\htdocs\codeigniter4\system\CodeIgniter.php(933): App\Controllers\EmployeeController->index()
#5 C:\xampp\htdocs\codeigniter4\system\CodeIgniter.php(507): CodeIgniter\CodeIgniter->runController(Object(App\Controllers\EmployeeController))
#6 C:\xampp\htdocs\codeigniter4\system\CodeIgniter.php(354): CodeIgniter\CodeIgniter->handleRequest(NULL, Object(Config\Cache), false)
#7 C:\xampp\htdocs\codeigniter4\system\Boot.php(334): CodeIgniter\CodeIgniter->run()
#8 C:\xampp\htdocs\codeigniter4\system\Boot.php(67): CodeIgniter\Boot::runCodeIgniter(Object(CodeIgniter\CodeIgniter))
#9 C:\xampp\htdocs\codeigniter4\public\index.php(59): CodeIgniter\Boot::bootWeb(Object(Config\Paths))
#10 C:\xampp\htdocs\codeigniter4\system\rewrite.php(44): require_once('C:\\xampp\\htdocs...')
#11 {main}

Next CodeIgniter\Database\Exceptions\DatabaseException: Access denied for user '****'@'localhost' (using password: YES) in C:\xampp\htdocs\codeigniter4\system\Database\MySQLi\Connection.php:246
Stack trace:
#0 C:\xampp\htdocs\codeigniter4\system\Database\BaseConnection.php(421): CodeIgniter\Database\MySQLi\Connection->connect(false)
#1 C:\xampp\htdocs\codeigniter4\system\Database\BaseConnection.php(620): CodeIgniter\Database\BaseConnection->initialize()
#2 C:\xampp\htdocs\codeigniter4\app\Controllers\EmployeeController.php(18): CodeIgniter\Database\BaseConnection->query('SELECT 1')
#3 C:\xampp\htdocs\codeigniter4\system\CodeIgniter.php(933): App\Controllers\EmployeeController->index()
#4 C:\xampp\htdocs\codeigniter4\system\CodeIgniter.php(507): CodeIgniter\CodeIgniter->runController(Object(App\Controllers\EmployeeController))
#5 C:\xampp\htdocs\codeigniter4\system\CodeIgniter.php(354): CodeIgniter\CodeIgniter->handleRequest(NULL, Object(Config\Cache), false)
#6 C:\xampp\htdocs\codeigniter4\system\Boot.php(334): CodeIgniter\CodeIgniter->run()
#7 C:\xampp\htdocs\codeigniter4\system\Boot.php(67): CodeIgniter\Boot::runCodeIgniter(Object(CodeIgniter\CodeIgniter))
#8 C:\xampp\htdocs\codeigniter4\public\index.php(59): CodeIgniter\Boot::bootWeb(Object(Config\Paths))
#9 C:\xampp\htdocs\codeigniter4\system\rewrite.php(44): require_once('C:\\xampp\\htdocs...')
#10 {main}
CRITICAL - 2025-07-10 12:28:41 --> CodeIgniter\Exceptions\InvalidArgumentException: "ci4db" is not a valid database connection group.
[Method: GET, Route: employees]
in SYSTEMPATH\Database\Config.php on line 70.
 1 APPPATH\Controllers\EmployeeController.php(15): CodeIgniter\Database\Config::connect('ci4db')
 2 SYSTEMPATH\CodeIgniter.php(933): App\Controllers\EmployeeController->index()
 3 SYSTEMPATH\CodeIgniter.php(507): CodeIgniter\CodeIgniter->runController(Object(App\Controllers\EmployeeController))
 4 SYSTEMPATH\CodeIgniter.php(354): CodeIgniter\CodeIgniter->handleRequest(null, Object(Config\Cache), false)
 5 SYSTEMPATH\Boot.php(334): CodeIgniter\CodeIgniter->run()
 6 SYSTEMPATH\Boot.php(67): CodeIgniter\Boot::runCodeIgniter(Object(CodeIgniter\CodeIgniter))
 7 FCPATH\index.php(59): CodeIgniter\Boot::bootWeb(Object(Config\Paths))
 8 SYSTEMPATH\rewrite.php(44): require_once('C:\\xampp\\htdocs\\codeigniter4\\public\\index.php')
CRITICAL - 2025-07-10 12:29:10 --> CodeIgniter\Exceptions\InvalidArgumentException: "ci4db" is not a valid database connection group.
[Method: GET, Route: employees]
in SYSTEMPATH\Database\Config.php on line 70.
 1 APPPATH\Controllers\EmployeeController.php(15): CodeIgniter\Database\Config::connect('ci4db', true)
 2 SYSTEMPATH\CodeIgniter.php(933): App\Controllers\EmployeeController->index()
 3 SYSTEMPATH\CodeIgniter.php(507): CodeIgniter\CodeIgniter->runController(Object(App\Controllers\EmployeeController))
 4 SYSTEMPATH\CodeIgniter.php(354): CodeIgniter\CodeIgniter->handleRequest(null, Object(Config\Cache), false)
 5 SYSTEMPATH\Boot.php(334): CodeIgniter\CodeIgniter->run()
 6 SYSTEMPATH\Boot.php(67): CodeIgniter\Boot::runCodeIgniter(Object(CodeIgniter\CodeIgniter))
 7 FCPATH\index.php(59): CodeIgniter\Boot::bootWeb(Object(Config\Paths))
 8 SYSTEMPATH\rewrite.php(44): require_once('C:\\xampp\\htdocs\\codeigniter4\\public\\index.php')
ERROR - 2025-07-10 12:29:37 --> Error connecting to the database: mysqli_sql_exception: Access denied for user 'root'@'localhost' (using password: YES) in C:\xampp\htdocs\codeigniter4\system\Database\MySQLi\Connection.php:201
Stack trace:
#0 C:\xampp\htdocs\codeigniter4\system\Database\MySQLi\Connection.php(201): mysqli->real_connect('localhost', 'root', Object(SensitiveParameterValue), '', 3307, '', 0)
#1 C:\xampp\htdocs\codeigniter4\system\Database\BaseConnection.php(421): CodeIgniter\Database\MySQLi\Connection->connect(false)
#2 C:\xampp\htdocs\codeigniter4\system\Database\BaseConnection.php(620): CodeIgniter\Database\BaseConnection->initialize()
#3 C:\xampp\htdocs\codeigniter4\app\Controllers\EmployeeController.php(18): CodeIgniter\Database\BaseConnection->query('SELECT 1')
#4 C:\xampp\htdocs\codeigniter4\system\CodeIgniter.php(933): App\Controllers\EmployeeController->index()
#5 C:\xampp\htdocs\codeigniter4\system\CodeIgniter.php(507): CodeIgniter\CodeIgniter->runController(Object(App\Controllers\EmployeeController))
#6 C:\xampp\htdocs\codeigniter4\system\CodeIgniter.php(354): CodeIgniter\CodeIgniter->handleRequest(NULL, Object(Config\Cache), false)
#7 C:\xampp\htdocs\codeigniter4\system\Boot.php(334): CodeIgniter\CodeIgniter->run()
#8 C:\xampp\htdocs\codeigniter4\system\Boot.php(67): CodeIgniter\Boot::runCodeIgniter(Object(CodeIgniter\CodeIgniter))
#9 C:\xampp\htdocs\codeigniter4\public\index.php(59): CodeIgniter\Boot::bootWeb(Object(Config\Paths))
#10 C:\xampp\htdocs\codeigniter4\system\rewrite.php(44): require_once('C:\\xampp\\htdocs...')
#11 {main}

Next CodeIgniter\Database\Exceptions\DatabaseException: Access denied for user '****'@'localhost' (using password: YES) in C:\xampp\htdocs\codeigniter4\system\Database\MySQLi\Connection.php:246
Stack trace:
#0 C:\xampp\htdocs\codeigniter4\system\Database\BaseConnection.php(421): CodeIgniter\Database\MySQLi\Connection->connect(false)
#1 C:\xampp\htdocs\codeigniter4\system\Database\BaseConnection.php(620): CodeIgniter\Database\BaseConnection->initialize()
#2 C:\xampp\htdocs\codeigniter4\app\Controllers\EmployeeController.php(18): CodeIgniter\Database\BaseConnection->query('SELECT 1')
#3 C:\xampp\htdocs\codeigniter4\system\CodeIgniter.php(933): App\Controllers\EmployeeController->index()
#4 C:\xampp\htdocs\codeigniter4\system\CodeIgniter.php(507): CodeIgniter\CodeIgniter->runController(Object(App\Controllers\EmployeeController))
#5 C:\xampp\htdocs\codeigniter4\system\CodeIgniter.php(354): CodeIgniter\CodeIgniter->handleRequest(NULL, Object(Config\Cache), false)
#6 C:\xampp\htdocs\codeigniter4\system\Boot.php(334): CodeIgniter\CodeIgniter->run()
#7 C:\xampp\htdocs\codeigniter4\system\Boot.php(67): CodeIgniter\Boot::runCodeIgniter(Object(CodeIgniter\CodeIgniter))
#8 C:\xampp\htdocs\codeigniter4\public\index.php(59): CodeIgniter\Boot::bootWeb(Object(Config\Paths))
#9 C:\xampp\htdocs\codeigniter4\system\rewrite.php(44): require_once('C:\\xampp\\htdocs...')
#10 {main}
CRITICAL - 2025-07-10 19:50:04 --> CodeIgniter\Database\Exceptions\DataException: There is no data to insert.
[Method: POST, Route: employees]
in SYSTEMPATH\BaseModel.php on line 1834.
 1 SYSTEMPATH\BaseModel.php(1834): CodeIgniter\Database\Exceptions\DataException::forEmptyDataset('insert')
 2 SYSTEMPATH\BaseModel.php(809): CodeIgniter\BaseModel->transformDataToArray([], 'insert')
 3 SYSTEMPATH\Model.php(800): CodeIgniter\BaseModel->insert([], true)
 4 APPPATH\Controllers\EmployeeController.php(36): CodeIgniter\Model->insert([])
 5 SYSTEMPATH\CodeIgniter.php(933): App\Controllers\EmployeeController->create()
 6 SYSTEMPATH\CodeIgniter.php(507): CodeIgniter\CodeIgniter->runController(Object(App\Controllers\EmployeeController))
 7 SYSTEMPATH\CodeIgniter.php(354): CodeIgniter\CodeIgniter->handleRequest(null, Object(Config\Cache), false)
 8 SYSTEMPATH\Boot.php(334): CodeIgniter\CodeIgniter->run()
 9 SYSTEMPATH\Boot.php(67): CodeIgniter\Boot::runCodeIgniter(Object(CodeIgniter\CodeIgniter))
10 FCPATH\index.php(59): CodeIgniter\Boot::bootWeb(Object(Config\Paths))
11 SYSTEMPATH\rewrite.php(44): require_once('C:\\xampp\\htdocs\\codeigniter4\\public\\index.php')
CRITICAL - 2025-07-10 20:02:27 --> Error: Object of class App\Models\EmployeeModel could not be converted to string
[Method: GET, Route: employees]
in APPPATH\Controllers\EmployeeController.php on line 30.
 1 SYSTEMPATH\CodeIgniter.php(933): App\Controllers\EmployeeController->index()
 2 SYSTEMPATH\CodeIgniter.php(507): CodeIgniter\CodeIgniter->runController(Object(App\Controllers\EmployeeController))
 3 SYSTEMPATH\CodeIgniter.php(354): CodeIgniter\CodeIgniter->handleRequest(null, Object(Config\Cache), false)
 4 SYSTEMPATH\Boot.php(334): CodeIgniter\CodeIgniter->run()
 5 SYSTEMPATH\Boot.php(67): CodeIgniter\Boot::runCodeIgniter(Object(CodeIgniter\CodeIgniter))
 6 FCPATH\index.php(59): CodeIgniter\Boot::bootWeb(Object(Config\Paths))
 7 SYSTEMPATH\rewrite.php(44): require_once('C:\\xampp\\htdocs\\codeigniter4\\public\\index.php')
